<?xml version="1.0" encoding="UTF-8"?>
<testsuite name="com.bridgelabz.hotelreservationtest.HotelReservationTest" tests="1" skipped="0" failures="0" errors="0" timestamp="2021-04-04T13:04:54" hostname="DESKTOP-0QBG6NF" time="0.041">
  <properties/>
  <testcase name="checkedCheapestHotel_BetweenTwoDates_ShouldTrue()" classname="com.bridgelabz.hotelreservationtest.HotelReservationTest" time="0.041"/>
  <system-out><![CDATA[]]></system-out>
  <system-err><![CDATA[]]></system-err>
</testsuite>
